<?xml version="1.0" encoding="UTF-8"?>
<testsuite name="rspec" tests="20" skipped="0" failures="0" errors="0" time="0.012001" timestamp="2019-05-10T16:45:18-03:00" hostname="MIBADESK22">
<properties>
<property name="seed" value="28298"/>
</properties>
<testcase classname="spec.avengers_spec" name="AvengersHeadQuarter deve adicionar um vingador" file="./spec/avengers_spec.rb" time="0.001000"></testcase>
<testcase classname="spec.avengers_spec" name="AvengersHeadQuarter deve adicionar uma lista de vingadores" file="./spec/avengers_spec.rb" time="0.003000"></testcase>
<testcase classname="spec.avengers_spec" name="AvengersHeadQuarter Thor deve ser o primeiro da lista" file="./spec/avengers_spec.rb" time="0.001001"></testcase>
<testcase classname="spec.avengers_spec" name="AvengersHeadQuarter Ironman deve ser o último da lista" file="./spec/avengers_spec.rb" time="0.000000"></testcase>
<testcase classname="spec.avengers_spec" name="AvengersHeadQuarter deve conter o sobrenome" file="./spec/avengers_spec.rb" time="0.001000"></testcase>
<testcase classname="spec.bank.saque_cc_spec" name="ContaCorrente Saque quando o valor é positivo então atualiza saldo" file="./spec/bank/saque_cc_spec.rb" time="0.000000"></testcase>
<testcase classname="spec.bank.saque_cc_spec" name="ContaCorrente Saque quando o saldo é zero vejo a mensagem" file="./spec/bank/saque_cc_spec.rb" time="0.000000"></testcase>
<testcase classname="spec.bank.saque_cc_spec" name="ContaCorrente Saque quando o saldo é zero meu saldo permanece com zero" file="./spec/bank/saque_cc_spec.rb" time="0.000000"></testcase>
<testcase classname="spec.bank.saque_cc_spec" name="ContaCorrente Saque quando o saldo é insuficiente vejo a mensagem" file="./spec/bank/saque_cc_spec.rb" time="0.000000"></testcase>
<testcase classname="spec.bank.saque_cc_spec" name="ContaCorrente Saque quando o saldo é insuficiente meu saldo permanece com zero" file="./spec/bank/saque_cc_spec.rb" time="0.000000"></testcase>
<testcase classname="spec.bank.saque_cc_spec" name="ContaCorrente Saque quando o valor do saque é o maior que o  limite por transação vejo a mensagem" file="./spec/bank/saque_cc_spec.rb" time="0.000000"></testcase>
<testcase classname="spec.bank.saque_cc_spec" name="ContaCorrente Saque quando o valor do saque é o maior que o  limite por transação meu saldo permanece conforme o valor inicial" file="./spec/bank/saque_cc_spec.rb" time="0.000000"></testcase>
<testcase classname="spec.bank.saque_cp_spec" name="ContaPoupanca Saque quando o valor é positivo então atualiza saldo" file="./spec/bank/saque_cp_spec.rb" time="0.000000"></testcase>
<testcase classname="spec.bank.saque_cp_spec" name="ContaPoupanca Saque quando o saldo é zero vejo a mensagem" file="./spec/bank/saque_cp_spec.rb" time="0.001000"></testcase>
<testcase classname="spec.bank.saque_cp_spec" name="ContaPoupanca Saque quando o saldo é zero meu saldo permanece com zero" file="./spec/bank/saque_cp_spec.rb" time="0.000000"></testcase>
<testcase classname="spec.bank.saque_cp_spec" name="ContaPoupanca Saque quando o saldo é insuficiente vejo a mensagem" file="./spec/bank/saque_cp_spec.rb" time="0.000000"></testcase>
<testcase classname="spec.bank.saque_cp_spec" name="ContaPoupanca Saque quando o saldo é insuficiente meu saldo permanece com zero" file="./spec/bank/saque_cp_spec.rb" time="0.000000"></testcase>
<testcase classname="spec.bank.saque_cp_spec" name="ContaPoupanca Saque quando o valor do saque é o maior que o  limite por transação vejo a mensagem" file="./spec/bank/saque_cp_spec.rb" time="0.000000"></testcase>
<testcase classname="spec.bank.saque_cp_spec" name="ContaPoupanca Saque quando o valor do saque é o maior que o  limite por transação meu saldo permanece conforme o valor inicial" file="./spec/bank/saque_cp_spec.rb" time="0.000000"></testcase>
<testcase classname="spec.exemplos_spec" name="suite rspec soma de valores" file="./spec/exemplos_spec.rb" time="0.000000"></testcase>
</testsuite>
